<?xml version="1.0" encoding="UTF-8"?>
<testng-results skipped="0" failed="2" ignored="0" total="17" passed="15">
  <reporter-output>
  </reporter-output>
  <suite name="All Test Suite" duration-ms="27798" started-at="2021-12-10T14:45:28 IST" finished-at="2021-12-10T14:45:56 IST">
    <groups>
    </groups>
    <test name="/home/suraj/IdeaProjects/cipherApiAutomation" duration-ms="27798" started-at="2021-12-10T14:45:28 IST" finished-at="2021-12-10T14:45:56 IST">
      <class name="restAssuredTest.postRequest">
        <test-method status="PASS" signature="postData()[pri:0, instance:restAssuredTest.postRequest@3224f60b]" name="postData" is-config="true" duration-ms="1" started-at="2021-12-10T14:45:47 IST" finished-at="2021-12-10T14:45:47 IST">
          <reporter-output>
          </reporter-output>
        </test-method> <!-- postData -->
        <test-method status="PASS" signature="testData()[pri:0, instance:restAssuredTest.postRequest@3224f60b]" name="testData" duration-ms="2570" started-at="2021-12-10T14:45:47 IST" finished-at="2021-12-10T14:45:50 IST">
          <reporter-output>
          </reporter-output>
        </test-method> <!-- testData -->
      </class> <!-- restAssuredTest.postRequest -->
      <class name="serializationAndDeserialization.testWithoutSerialization">
        <test-method status="PASS" signature="register()[pri:1, instance:serializationAndDeserialization.testWithoutSerialization@7494e528]" name="register" duration-ms="1406" started-at="2021-12-10T14:45:55 IST" finished-at="2021-12-10T14:45:56 IST">
          <reporter-output>
          </reporter-output>
        </test-method> <!-- register -->
      </class> <!-- serializationAndDeserialization.testWithoutSerialization -->
      <class name="restAssuredTest.basicValidationXml">
        <test-method status="PASS" signature="testSingeContent()[pri:1, instance:restAssuredTest.basicValidationXml@210366b4]" name="testSingeContent" duration-ms="5888" started-at="2021-12-10T14:45:28 IST" finished-at="2021-12-10T14:45:34 IST">
          <reporter-output>
          </reporter-output>
        </test-method> <!-- testSingeContent -->
        <test-method status="PASS" signature="testMultipContent()[pri:2, instance:restAssuredTest.basicValidationXml@210366b4]" name="testMultipContent" duration-ms="779" started-at="2021-12-10T14:45:34 IST" finished-at="2021-12-10T14:45:35 IST">
          <reporter-output>
          </reporter-output>
        </test-method> <!-- testMultipContent -->
        <test-method status="PASS" signature="testMultipContentInOneGo()[pri:3, instance:restAssuredTest.basicValidationXml@210366b4]" name="testMultipContentInOneGo" duration-ms="482" started-at="2021-12-10T14:45:35 IST" finished-at="2021-12-10T14:45:35 IST">
          <reporter-output>
          </reporter-output>
        </test-method> <!-- testMultipContentInOneGo -->
        <test-method status="PASS" signature="testFindingValuesUsingXmlPath()[pri:4, instance:restAssuredTest.basicValidationXml@210366b4]" name="testFindingValuesUsingXmlPath" duration-ms="925" started-at="2021-12-10T14:45:35 IST" finished-at="2021-12-10T14:45:36 IST">
          <reporter-output>
          </reporter-output>
        </test-method> <!-- testFindingValuesUsingXmlPath -->
        <test-method status="PASS" signature="testFindingValuesUsingXmlPath2()[pri:5, instance:restAssuredTest.basicValidationXml@210366b4]" name="testFindingValuesUsingXmlPath2" duration-ms="691" started-at="2021-12-10T14:45:36 IST" finished-at="2021-12-10T14:45:37 IST">
          <reporter-output>
          </reporter-output>
        </test-method> <!-- testFindingValuesUsingXmlPath2 -->
      </class> <!-- restAssuredTest.basicValidationXml -->
      <class name="serializationAndDeserialization.testWithSerialization">
        <test-method status="PASS" signature="registerUserSerialization()[pri:1, instance:serializationAndDeserialization.testWithSerialization@30b8a058]" name="registerUserSerialization" duration-ms="1640" started-at="2021-12-10T14:45:51 IST" finished-at="2021-12-10T14:45:53 IST">
          <reporter-output>
          </reporter-output>
        </test-method> <!-- registerUserSerialization -->
        <test-method status="FAIL" signature="detSerializedData()[pri:2, instance:serializationAndDeserialization.testWithSerialization@30b8a058]" name="detSerializedData" duration-ms="1697" started-at="2021-12-10T14:45:53 IST" finished-at="2021-12-10T14:45:54 IST">
          <exception class="com.fasterxml.jackson.databind.exc.UnrecognizedPropertyException">
            <message>
              <![CDATA[Unrecognized field "data" (class serializationAndDeserialization.registrationData), not marked as ignorable (2 known properties: "password", "email"])
 at [Source: (String)"{"data":{"id":4,"email":"eve.holt@reqres.in","first_name":"Eve","last_name":"Holt","avatar":"https://reqres.in/img/faces/4-image.jpg"},"support":{"url":"https://reqres.in/#support-heading","text":"To keep ReqRes free, contributions towards server costs are appreciated!"}}"; line: 1, column: 10] (through reference chain: serializationAndDeserialization.registrationData["data"])]]>
            </message>
            <full-stacktrace>
              <![CDATA[com.fasterxml.jackson.databind.exc.UnrecognizedPropertyException: Unrecognized field "data" (class serializationAndDeserialization.registrationData), not marked as ignorable (2 known properties: "password", "email"])
 at [Source: (String)"{"data":{"id":4,"email":"eve.holt@reqres.in","first_name":"Eve","last_name":"Holt","avatar":"https://reqres.in/img/faces/4-image.jpg"},"support":{"url":"https://reqres.in/#support-heading","text":"To keep ReqRes free, contributions towards server costs are appreciated!"}}"; line: 1, column: 10] (through reference chain: serializationAndDeserialization.registrationData["data"])
at com.fasterxml.jackson.databind.exc.UnrecognizedPropertyException.from(UnrecognizedPropertyException.java:61)
at com.fasterxml.jackson.databind.DeserializationContext.handleUnknownProperty(DeserializationContext.java:855)
at com.fasterxml.jackson.databind.deser.std.StdDeserializer.handleUnknownProperty(StdDeserializer.java:1206)
at com.fasterxml.jackson.databind.deser.BeanDeserializerBase.handleUnknownProperty(BeanDeserializerBase.java:1592)
at com.fasterxml.jackson.databind.deser.BeanDeserializerBase.handleUnknownVanilla(BeanDeserializerBase.java:1570)
at com.fasterxml.jackson.databind.deser.BeanDeserializer.vanillaDeserialize(BeanDeserializer.java:299)
at com.fasterxml.jackson.databind.deser.BeanDeserializer.deserialize(BeanDeserializer.java:156)
at com.fasterxml.jackson.databind.ObjectMapper._readMapAndClose(ObjectMapper.java:4482)
at com.fasterxml.jackson.databind.ObjectMapper.readValue(ObjectMapper.java:3434)
at com.fasterxml.jackson.databind.ObjectMapper$readValue$2.call(Unknown Source)
at org.codehaus.groovy.runtime.callsite.CallSiteArray.defaultCall(CallSiteArray.java:47)
at org.codehaus.groovy.runtime.callsite.AbstractCallSite.call(AbstractCallSite.java:125)
at org.codehaus.groovy.runtime.callsite.AbstractCallSite.call(AbstractCallSite.java:148)
at io.restassured.internal.path.json.mapping.JsonPathJackson2ObjectDeserializer.deserialize(JsonPathJackson2ObjectDeserializer.groovy:46)
at io.restassured.path.json.mapping.JsonPathObjectDeserializer$deserialize.call(Unknown Source)
at org.codehaus.groovy.runtime.callsite.CallSiteArray.defaultCall(CallSiteArray.java:47)
at org.codehaus.groovy.runtime.callsite.AbstractCallSite.call(AbstractCallSite.java:125)
at org.codehaus.groovy.runtime.callsite.AbstractCallSite.call(AbstractCallSite.java:139)
at io.restassured.internal.mapping.Jackson2Mapper.deserialize(Jackson2Mapper.groovy:58)
at io.restassured.mapper.ObjectMapper$deserialize$0.call(Unknown Source)
at org.codehaus.groovy.runtime.callsite.CallSiteArray.defaultCall(CallSiteArray.java:47)
at org.codehaus.groovy.runtime.callsite.AbstractCallSite.call(AbstractCallSite.java:125)
at org.codehaus.groovy.runtime.callsite.AbstractCallSite.call(AbstractCallSite.java:139)
at io.restassured.internal.mapping.ObjectMapping.parseWithJackson2(ObjectMapping.groovy:238)
at io.restassured.internal.mapping.ObjectMapping$parseWithJackson2$1.callStatic(Unknown Source)
at org.codehaus.groovy.runtime.callsite.CallSiteArray.defaultCallStatic(CallSiteArray.java:55)
at org.codehaus.groovy.runtime.callsite.AbstractCallSite.callStatic(AbstractCallSite.java:217)
at org.codehaus.groovy.runtime.callsite.AbstractCallSite.callStatic(AbstractCallSite.java:240)
at io.restassured.internal.mapping.ObjectMapping.deserialize(ObjectMapping.groovy:59)
at io.restassured.internal.mapping.ObjectMapping$deserialize$0.call(Unknown Source)
at org.codehaus.groovy.runtime.callsite.CallSiteArray.defaultCall(CallSiteArray.java:47)
at org.codehaus.groovy.runtime.callsite.AbstractCallSite.call(AbstractCallSite.java:125)
at io.restassured.internal.RestAssuredResponseOptionsGroovyImpl.as(RestAssuredResponseOptionsGroovyImpl.groovy:231)
at io.restassured.internal.RestAssuredResponseOptionsImpl.as(RestAssuredResponseOptionsImpl.java:169)
at serializationAndDeserialization.testWithSerialization.detSerializedData(testWithSerialization.java:44)
at sun.reflect.NativeMethodAccessorImpl.invoke0(Native Method)
at sun.reflect.NativeMethodAccessorImpl.invoke(NativeMethodAccessorImpl.java:62)
at sun.reflect.DelegatingMethodAccessorImpl.invoke(DelegatingMethodAccessorImpl.java:43)
at java.lang.reflect.Method.invoke(Method.java:498)
at org.testng.internal.MethodInvocationHelper.invokeMethod(MethodInvocationHelper.java:133)
at org.testng.internal.TestInvoker.invokeMethod(TestInvoker.java:598)
at org.testng.internal.TestInvoker.invokeTestMethod(TestInvoker.java:173)
at org.testng.internal.MethodRunner.runInSequence(MethodRunner.java:46)
at org.testng.internal.TestInvoker$MethodInvocationAgent.invoke(TestInvoker.java:824)
at org.testng.internal.TestInvoker.invokeTestMethods(TestInvoker.java:146)
at org.testng.internal.TestMethodWorker.invokeTestMethods(TestMethodWorker.java:146)
at org.testng.internal.TestMethodWorker.run(TestMethodWorker.java:128)
at java.util.ArrayList.forEach(ArrayList.java:1259)
at org.testng.TestRunner.privateRun(TestRunner.java:794)
at org.testng.TestRunner.run(TestRunner.java:596)
at org.testng.SuiteRunner.runTest(SuiteRunner.java:377)
at org.testng.SuiteRunner.runSequentially(SuiteRunner.java:371)
at org.testng.SuiteRunner.privateRun(SuiteRunner.java:332)
at org.testng.SuiteRunner.run(SuiteRunner.java:276)
at org.testng.SuiteRunnerWorker.runSuite(SuiteRunnerWorker.java:53)
at org.testng.SuiteRunnerWorker.run(SuiteRunnerWorker.java:96)
at org.testng.TestNG.runSuitesSequentially(TestNG.java:1212)
at org.testng.TestNG.runSuitesLocally(TestNG.java:1134)
at org.testng.TestNG.runSuites(TestNG.java:1063)
at org.testng.TestNG.run(TestNG.java:1031)
at com.intellij.rt.testng.IDEARemoteTestNG.run(IDEARemoteTestNG.java:66)
at com.intellij.rt.testng.RemoteTestNGStarter.main(RemoteTestNGStarter.java:109)
]]>
            </full-stacktrace>
          </exception> <!-- com.fasterxml.jackson.databind.exc.UnrecognizedPropertyException -->
          <reporter-output>
          </reporter-output>
        </test-method> <!-- detSerializedData -->
      </class> <!-- serializationAndDeserialization.testWithSerialization -->
      <class name="restAssuredTest.basicValidations">
        <test-method status="PASS" signature="testStatusCode()[pri:1, instance:restAssuredTest.basicValidations@1d16f93d]" name="testStatusCode" duration-ms="2137" started-at="2021-12-10T14:45:37 IST" finished-at="2021-12-10T14:45:39 IST">
          <reporter-output>
          </reporter-output>
        </test-method> <!-- testStatusCode -->
        <test-method status="PASS" signature="testLogging()[pri:2, instance:restAssuredTest.basicValidations@1d16f93d]" name="testLogging" duration-ms="1065" started-at="2021-12-10T14:45:39 IST" finished-at="2021-12-10T14:45:40 IST">
          <reporter-output>
          </reporter-output>
        </test-method> <!-- testLogging -->
        <test-method status="PASS" signature="testSingleContent()[pri:3, instance:restAssuredTest.basicValidations@1d16f93d]" name="testSingleContent" duration-ms="868" started-at="2021-12-10T14:45:40 IST" finished-at="2021-12-10T14:45:41 IST">
          <reporter-output>
          </reporter-output>
        </test-method> <!-- testSingleContent -->
        <test-method status="PASS" signature="testMultipleContent()[pri:4, instance:restAssuredTest.basicValidations@1d16f93d]" name="testMultipleContent" duration-ms="2191" started-at="2021-12-10T14:45:41 IST" finished-at="2021-12-10T14:45:43 IST">
          <reporter-output>
          </reporter-output>
        </test-method> <!-- testMultipleContent -->
        <test-method status="PASS" signature="testParametersAndHeaders()[pri:5, instance:restAssuredTest.basicValidations@1d16f93d]" name="testParametersAndHeaders" duration-ms="1610" started-at="2021-12-10T14:45:43 IST" finished-at="2021-12-10T14:45:45 IST">
          <reporter-output>
          </reporter-output>
        </test-method> <!-- testParametersAndHeaders -->
      </class> <!-- restAssuredTest.basicValidations -->
      <class name="restAssuredTest.putRequest">
        <test-method status="PASS" signature="putData()[pri:0, instance:restAssuredTest.putRequest@68bbe345]" name="putData" is-config="true" duration-ms="0" started-at="2021-12-10T14:45:50 IST" finished-at="2021-12-10T14:45:50 IST">
          <reporter-output>
          </reporter-output>
        </test-method> <!-- putData -->
        <test-method status="PASS" signature="testPut()[pri:0, instance:restAssuredTest.putRequest@68bbe345]" name="testPut" duration-ms="1432" started-at="2021-12-10T14:45:50 IST" finished-at="2021-12-10T14:45:51 IST">
          <reporter-output>
          </reporter-output>
        </test-method> <!-- testPut -->
      </class> <!-- restAssuredTest.putRequest -->
      <class name="restAssuredTest.deleteRequest">
        <test-method status="FAIL" signature="deleteUser()[pri:0, instance:restAssuredTest.deleteRequest@67b92f0a]" name="deleteUser" duration-ms="1639" started-at="2021-12-10T14:45:45 IST" finished-at="2021-12-10T14:45:46 IST">
          <exception class="java.lang.AssertionError">
            <message>
              <![CDATA[expected [true] but found [false]]]>
            </message>
            <full-stacktrace>
              <![CDATA[java.lang.AssertionError: expected [true] but found [false]
at org.testng.Assert.fail(Assert.java:99)
at org.testng.Assert.failNotEquals(Assert.java:1037)
at org.testng.Assert.assertEqualsImpl(Assert.java:140)
at org.testng.Assert.assertEquals(Assert.java:122)
at org.testng.Assert.assertEquals(Assert.java:819)
at org.testng.Assert.assertEquals(Assert.java:829)
at restAssuredTest.deleteRequest.deleteUser(deleteRequest.java:35)
at sun.reflect.NativeMethodAccessorImpl.invoke0(Native Method)
at sun.reflect.NativeMethodAccessorImpl.invoke(NativeMethodAccessorImpl.java:62)
at sun.reflect.DelegatingMethodAccessorImpl.invoke(DelegatingMethodAccessorImpl.java:43)
at java.lang.reflect.Method.invoke(Method.java:498)
at org.testng.internal.MethodInvocationHelper.invokeMethod(MethodInvocationHelper.java:133)
at org.testng.internal.TestInvoker.invokeMethod(TestInvoker.java:598)
at org.testng.internal.TestInvoker.invokeTestMethod(TestInvoker.java:173)
at org.testng.internal.MethodRunner.runInSequence(MethodRunner.java:46)
at org.testng.internal.TestInvoker$MethodInvocationAgent.invoke(TestInvoker.java:824)
at org.testng.internal.TestInvoker.invokeTestMethods(TestInvoker.java:146)
at org.testng.internal.TestMethodWorker.invokeTestMethods(TestMethodWorker.java:146)
at org.testng.internal.TestMethodWorker.run(TestMethodWorker.java:128)
at java.util.ArrayList.forEach(ArrayList.java:1259)
at org.testng.TestRunner.privateRun(TestRunner.java:794)
at org.testng.TestRunner.run(TestRunner.java:596)
at org.testng.SuiteRunner.runTest(SuiteRunner.java:377)
at org.testng.SuiteRunner.runSequentially(SuiteRunner.java:371)
at org.testng.SuiteRunner.privateRun(SuiteRunner.java:332)
at org.testng.SuiteRunner.run(SuiteRunner.java:276)
at org.testng.SuiteRunnerWorker.runSuite(SuiteRunnerWorker.java:53)
at org.testng.SuiteRunnerWorker.run(SuiteRunnerWorker.java:96)
at org.testng.TestNG.runSuitesSequentially(TestNG.java:1212)
at org.testng.TestNG.runSuitesLocally(TestNG.java:1134)
at org.testng.TestNG.runSuites(TestNG.java:1063)
at org.testng.TestNG.run(TestNG.java:1031)
at com.intellij.rt.testng.IDEARemoteTestNG.run(IDEARemoteTestNG.java:66)
at com.intellij.rt.testng.RemoteTestNGStarter.main(RemoteTestNGStarter.java:109)
]]>
            </full-stacktrace>
          </exception> <!-- java.lang.AssertionError -->
          <reporter-output>
          </reporter-output>
        </test-method> <!-- deleteUser -->
      </class> <!-- restAssuredTest.deleteRequest -->
      <class name="restAssuredTest.getRequest">
        <test-method status="PASS" signature="getUserDetails()[pri:0, instance:restAssuredTest.getRequest@2b9627bc]" name="getUserDetails" duration-ms="692" started-at="2021-12-10T14:45:46 IST" finished-at="2021-12-10T14:45:47 IST">
          <reporter-output>
          </reporter-output>
        </test-method> <!-- getUserDetails -->
      </class> <!-- restAssuredTest.getRequest -->
    </test> <!-- /home/suraj/IdeaProjects/cipherApiAutomation -->
  </suite> <!-- All Test Suite -->
</testng-results>
