<?xml version="1.0" encoding="UTF-8"?>
<!-- Generated by org.testng.reporters.JUnitReportReporter -->
<testsuite skipped="1" hostname="suraj-Lenovo-ideapad-330S-15IKB" name="cipherApi.cipherPerformActivity.performActivity" tests="12" failures="1" timestamp="2022-02-07T10:30:27 IST" time="2.027" errors="0">
  <testcase name="performActivityWithValidToken" time="0.200" classname="cipherApi.cipherPerformActivity.performActivity"/>
  <system-out/>
  <testcase name="performActivityWithMultipleDataSet" time="0.190" classname="cipherApi.cipherPerformActivity.performActivity"/>
  <system-out/>
  <testcase name="performActivityWithMultipleDataSet" time="0.273" classname="cipherApi.cipherPerformActivity.performActivity"/>
  <system-out/>
  <testcase name="performActivityWithMultipleDataSet" time="0.186" classname="cipherApi.cipherPerformActivity.performActivity"/>
  <system-out/>
  <testcase name="performActivityWithMultipleDataSet" time="0.146" classname="cipherApi.cipherPerformActivity.performActivity"/>
  <system-out/>
  <testcase name="performActivityWithMultipleDataSet" time="0.161" classname="cipherApi.cipherPerformActivity.performActivity"/>
  <system-out/>
  <testcase name="performActivityWithMultipleDataSet" time="0.121" classname="cipherApi.cipherPerformActivity.performActivity"/>
  <system-out/>
  <testcase name="performActivityWithMultipleDataSet" time="0.144" classname="cipherApi.cipherPerformActivity.performActivity"/>
  <system-out/>
  <testcase name="performActivityWithMultipleDataSet" time="0.132" classname="cipherApi.cipherPerformActivity.performActivity">
    <failure type="java.lang.AssertionError" message="expected [true] but found [false]">
      <![CDATA[java.lang.AssertionError: expected [true] but found [false]
at org.testng.Assert.fail(Assert.java:99)
at org.testng.Assert.failNotEquals(Assert.java:1037)
at org.testng.Assert.assertEqualsImpl(Assert.java:140)
at org.testng.Assert.assertEquals(Assert.java:122)
at org.testng.Assert.assertEquals(Assert.java:819)
at org.testng.Assert.assertEquals(Assert.java:829)
at cipherApi.cipherPerformActivity.performActivity.performActivityWithMultipleDataSet(performActivity.java:97)
at sun.reflect.NativeMethodAccessorImpl.invoke0(Native Method)
at sun.reflect.NativeMethodAccessorImpl.invoke(NativeMethodAccessorImpl.java:62)
at sun.reflect.DelegatingMethodAccessorImpl.invoke(DelegatingMethodAccessorImpl.java:43)
at java.lang.reflect.Method.invoke(Method.java:498)
at org.testng.internal.MethodInvocationHelper.invokeMethod(MethodInvocationHelper.java:133)
at org.testng.internal.TestInvoker.invokeMethod(TestInvoker.java:598)
at org.testng.internal.TestInvoker.retryFailed(TestInvoker.java:213)
at org.testng.internal.MethodRunner.runInSequence(MethodRunner.java:58)
at org.testng.internal.TestInvoker$MethodInvocationAgent.invoke(TestInvoker.java:824)
at org.testng.internal.TestInvoker.invokeTestMethods(TestInvoker.java:146)
at org.testng.internal.TestMethodWorker.invokeTestMethods(TestMethodWorker.java:146)
at org.testng.internal.TestMethodWorker.run(TestMethodWorker.java:128)
at java.util.ArrayList.forEach(ArrayList.java:1259)
at org.testng.TestRunner.privateRun(TestRunner.java:794)
at org.testng.TestRunner.run(TestRunner.java:596)
at org.testng.SuiteRunner.runTest(SuiteRunner.java:377)
at org.testng.SuiteRunner.runSequentially(SuiteRunner.java:371)
at org.testng.SuiteRunner.privateRun(SuiteRunner.java:332)
at org.testng.SuiteRunner.run(SuiteRunner.java:276)
at org.testng.SuiteRunnerWorker.runSuite(SuiteRunnerWorker.java:53)
at org.testng.SuiteRunnerWorker.run(SuiteRunnerWorker.java:96)
at org.testng.TestNG.runSuitesSequentially(TestNG.java:1212)
at org.testng.TestNG.runSuitesLocally(TestNG.java:1134)
at org.testng.TestNG.runSuites(TestNG.java:1063)
at org.testng.TestNG.run(TestNG.java:1031)
at org.apache.maven.surefire.testng.TestNGExecutor.run(TestNGExecutor.java:284)
at org.apache.maven.surefire.testng.TestNGXmlTestSuite.execute(TestNGXmlTestSuite.java:75)
at org.apache.maven.surefire.testng.TestNGProvider.invoke(TestNGProvider.java:119)
at org.apache.maven.surefire.booter.ForkedBooter.runSuitesInProcess(ForkedBooter.java:428)
at org.apache.maven.surefire.booter.ForkedBooter.execute(ForkedBooter.java:162)
at org.apache.maven.surefire.booter.ForkedBooter.run(ForkedBooter.java:562)
at org.apache.maven.surefire.booter.ForkedBooter.main(ForkedBooter.java:548)
]]>
    </failure>
  </testcase> <!-- performActivityWithMultipleDataSet -->
  <system-out/>
  <testcase name="performActivityWithMultipleDataSet" time="0.145" classname="cipherApi.cipherPerformActivity.performActivity"/>
  <system-out/>
  <testcase name="performActivityWithMultipleDataSet" time="0.142" classname="cipherApi.cipherPerformActivity.performActivity"/>
  <system-out/>
  <testcase name="performActivityWithMultipleDataSet" time="0.187" classname="cipherApi.cipherPerformActivity.performActivity">
    <skipped/>
  </testcase> <!-- performActivityWithMultipleDataSet -->
  <system-out/>
</testsuite> <!-- cipherApi.cipherPerformActivity.performActivity -->
